\BOOKMARK [1][-]{section.1}{\376\377\000I\000n\000t\000r\000o\000d\000u\000c\000t\000i\000o\000n}{}% 1
\BOOKMARK [1][-]{section.2}{\376\377\000R\000e\000l\000a\000t\000e\000d\000\040\000W\000o\000r\000k\000\040\000a\000n\000d\000\040\000P\000o\000s\000i\000t\000i\000o\000n}{}% 2
\BOOKMARK [1][-]{section.3}{\376\377\000B\000a\000c\000k\000g\000r\000o\000u\000n\000d\000\040\000a\000n\000d\000\040\000S\000y\000s\000t\000e\000m\000\040\000S\000u\000b\000s\000t\000r\000a\000t\000e}{}% 3
\BOOKMARK [1][-]{section.4}{\376\377\000C\0001\000:\000\040\000I\000n\000t\000e\000n\000t\000-\000A\000d\000a\000p\000t\000i\000v\000e\000\040\000H\000y\000b\000r\000i\000d\000\040\000R\000e\000t\000r\000i\000e\000v\000a\000l}{}% 4
\BOOKMARK [2][-]{subsection.4.1}{\376\377\000P\000r\000o\000b\000l\000e\000m}{section.4}% 5
\BOOKMARK [2][-]{subsection.4.2}{\376\377\000F\000a\000i\000l\000u\000r\000e\000\040\000o\000f\000\040\000f\000i\000x\000e\000d\000-\000a\000l\000p\000h\000a\000\040\000s\000c\000h\000e\000m\000e\000s}{section.4}% 6
\BOOKMARK [2][-]{subsection.4.3}{\376\377\000A\000d\000a\000p\000t\000i\000v\000e\000\040\000b\000l\000e\000n\000d\000i\000n\000g\000\040\000f\000u\000n\000c\000t\000i\000o\000n}{section.4}% 7
\BOOKMARK [2][-]{subsection.4.4}{\376\377\000W\000h\000y\000\040\000f\000i\000x\000e\000d\000\040\000a\000l\000p\000h\000a\000\040\000c\000a\000n\000n\000o\000t\000\040\000m\000a\000t\000c\000h}{section.4}% 8
\BOOKMARK [2][-]{subsection.4.5}{\376\377\000S\000o\000f\000t\000-\000z\000o\000n\000e\000\040\000b\000e\000h\000a\000v\000i\000o\000r}{section.4}% 9
\BOOKMARK [2][-]{subsection.4.6}{\376\377\000P\000o\000s\000t\000-\000r\000a\000n\000k\000i\000n\000g}{section.4}% 10
\BOOKMARK [1][-]{section.5}{\376\377\000C\0002\000:\000\040\000H\000e\000t\000e\000r\000o\000g\000e\000n\000e\000o\000u\000s\000-\000S\000p\000a\000c\000e\000\040\000P\000e\000r\000s\000o\000n\000\040\000F\000u\000s\000i\000o\000n}{}% 11
\BOOKMARK [2][-]{subsection.5.1}{\376\377\000P\000r\000o\000b\000l\000e\000m}{section.5}% 12
\BOOKMARK [2][-]{subsection.5.2}{\376\377\000C\000o\000n\000s\000t\000r\000u\000c\000t\000i\000o\000n}{section.5}% 13
\BOOKMARK [2][-]{subsection.5.3}{\376\377\000W\000h\000y\000\040\000c\000o\000n\000c\000a\000t\000e\000n\000a\000t\000i\000o\000n\000,\000\040\000n\000o\000t\000\040\000a\000d\000d\000i\000t\000i\000o\000n}{section.5}% 14
\BOOKMARK [2][-]{subsection.5.4}{\376\377\000A\000b\000l\000a\000t\000i\000o\000n}{section.5}% 15
\BOOKMARK [2][-]{subsection.5.5}{\376\377\000I\000n\000d\000e\000x\000i\000n\000g\000\040\000c\000o\000m\000p\000l\000e\000x\000i\000t\000y}{section.5}% 16
\BOOKMARK [1][-]{section.6}{\376\377\000C\0003\000:\000\040\000C\000o\000n\000v\000e\000r\000s\000a\000t\000i\000o\000n\000a\000l\000\040\000A\000l\000e\000r\000t\000\040\000A\000u\000t\000h\000o\000r\000i\000n\000g}{}% 17
\BOOKMARK [2][-]{subsection.6.1}{\376\377\000P\000r\000o\000b\000l\000e\000m}{section.6}% 18
\BOOKMARK [2][-]{subsection.6.2}{\376\377\000G\000r\000a\000m\000m\000a\000r}{section.6}% 19
\BOOKMARK [2][-]{subsection.6.3}{\376\377\000A\000u\000t\000h\000o\000r\000i\000n\000g\000\040\000e\000x\000a\000m\000p\000l\000e}{section.6}% 20
\BOOKMARK [2][-]{subsection.6.4}{\376\377\000C\000o\000m\000p\000l\000e\000m\000e\000n\000t\000a\000r\000y\000\040\000s\000t\000a\000t\000i\000s\000t\000i\000c\000a\000l\000\040\000a\000n\000o\000m\000a\000l\000y\000\040\000d\000e\000t\000e\000c\000t\000o\000r}{section.6}% 21
\BOOKMARK [1][-]{section.7}{\376\377\000I\000m\000p\000l\000e\000m\000e\000n\000t\000a\000t\000i\000o\000n\000\040\000D\000e\000t\000a\000i\000l\000\040\000\050\000B\000r\000i\000e\000f\000\051}{}% 22
\BOOKMARK [1][-]{section.8}{\376\377\000E\000v\000a\000l\000u\000a\000t\000i\000o\000n}{}% 23
\BOOKMARK [2][-]{subsection.8.1}{\376\377\000S\000e\000t\000u\000p}{section.8}% 24
\BOOKMARK [2][-]{subsection.8.2}{\376\377\000C\0001\000\040\040\023\000\040\000a\000d\000a\000p\000t\000i\000v\000e\000-\000a\000l\000p\000h\000a\000\040\000v\000s\000.\000\040\000f\000i\000x\000e\000d\000-\000a\000l\000p\000h\000a}{section.8}% 25
\BOOKMARK [2][-]{subsection.8.3}{\376\377\000C\0002\000\040\040\023\000\040\000f\000u\000s\000i\000o\000n\000\040\000a\000b\000l\000a\000t\000i\000o\000n}{section.8}% 26
\BOOKMARK [2][-]{subsection.8.4}{\376\377\000C\0003\000\040\040\024\000\040\000a\000l\000e\000r\000t\000\040\000a\000u\000t\000h\000o\000r\000i\000n\000g}{section.8}% 27
\BOOKMARK [2][-]{subsection.8.5}{\376\377\000S\000u\000p\000p\000o\000r\000t\000i\000n\000g\000\040\000n\000u\000m\000b\000e\000r\000s}{section.8}% 28
\BOOKMARK [1][-]{section.9}{\376\377\000D\000i\000s\000c\000u\000s\000s\000i\000o\000n\000\040\000a\000n\000d\000\040\000C\000o\000n\000c\000l\000u\000s\000i\000o\000n}{}% 29
\BOOKMARK [1][-]{section*.13}{\376\377\000R\000e\000f\000e\000r\000e\000n\000c\000e\000s}{}% 30
